5 pairs in filelist ['m02_n19.nc', 'n19_n17.nc', 'n17_n15.nc', 'n19_n15.nc', 'm02_n15.nc']



Input calibration coefficients for sensors ['m02', 'n19', 'n17', 'n15']

[[  6.21200000e+01   3.73000000e-02   2.00000000e-05  -2.25000000e-01]
 [ -3.34500000e+01   3.92000000e-02   7.80000000e-06   1.08000000e-01]
 [ -1.19000000e+01  -1.58000000e-02   3.40000000e-05   5.00000000e-02]
 [ -1.38200000e+01  -7.31000000e-03   1.90000000e-05   5.35000000e-02]]



Beta values for ODR 
[  6.21200000e+01   3.73000000e-02   2.00000000e-05  -2.25000000e-01
  -3.34500000e+01   3.92000000e-02   7.80000000e-06   1.08000000e-01
  -1.19000000e+01  -1.58000000e-02   3.40000000e-05   5.00000000e-02
  -1.38200000e+01  -7.31000000e-03   1.90000000e-05   5.35000000e-02]


Opening netCDF file /home/ad6/Data/m02_n19.nc
NetCDF data from m02_n19.nc passed to harmonisation variables.
Opening netCDF file /home/ad6/Data/n19_n17.nc
NetCDF data from n19_n17.nc passed to harmonisation variables.
Opening netCDF file /home/ad6/Data/n17_n15.nc
NetCDF data from n17_n15.nc passed to harmonisation variables.
Opening netCDF file /home/ad6/Data/n19_n15.nc
NetCDF data from n19_n15.nc passed to harmonisation variables.
Opening netCDF file /home/ad6/Data/m02_n15.nc
NetCDF data from m02_n15.nc passed to harmonisation variables.



Index matrix of sensor pair
[[     -1      19 4122272]
 [     19      17 1483044]
 [     17      15 4856987]
 [     19      15 1448135]
 [     -1      15 1821391]]



ifixb array [0, 0, 0, 0, 1, 1, 1, 0, 1, 1, 1, 0, 1, 1, 1, 0] for sensors ['m02', 'n19', 'n17', 'n15']


Running ODR for multiple pairs

ODR output for sensors ['m02', 'n19', 'n17', 'n15']


Beta: [  6.21200000e+01   3.73000000e-02   2.00000000e-05  -2.25000000e-01
  -3.34500000e+01   3.92000000e-02   7.80000000e-06   1.08000000e-01
  -1.19000000e+01  -1.58000000e-02   3.40000000e-05   5.00000000e-02
  -1.38200000e+01  -7.31000000e-03   1.90000000e-05   5.35000000e-02]


Beta Std Error: [  0.00000000e+00   0.00000000e+00   0.00000000e+00   0.00000000e+00
   1.86937230e-03   1.85636562e-05   3.45034530e-08   0.00000000e+00
   6.18393044e+05   1.14632672e+04   1.42971632e+01   0.00000000e+00
   2.15234789e-03   3.31538283e-05   4.86874199e-08   0.00000000e+00]


Beta Covariance: 
[[  0.00000000e+00   0.00000000e+00   0.00000000e+00   0.00000000e+00
    0.00000000e+00   0.00000000e+00   0.00000000e+00   0.00000000e+00
    0.00000000e+00   0.00000000e+00   0.00000000e+00   0.00000000e+00
    0.00000000e+00   0.00000000e+00   0.00000000e+00   0.00000000e+00]
 [  0.00000000e+00   0.00000000e+00   0.00000000e+00   0.00000000e+00
    0.00000000e+00   0.00000000e+00   0.00000000e+00   0.00000000e+00
    0.00000000e+00   0.00000000e+00   0.00000000e+00   0.00000000e+00
    0.00000000e+00   0.00000000e+00   0.00000000e+00   0.00000000e+00]
 [  0.00000000e+00   0.00000000e+00   0.00000000e+00   0.00000000e+00
    0.00000000e+00   0.00000000e+00   0.00000000e+00   0.00000000e+00
    0.00000000e+00   0.00000000e+00   0.00000000e+00   0.00000000e+00
    0.00000000e+00   0.00000000e+00   0.00000000e+00   0.00000000e+00]
 [  0.00000000e+00   0.00000000e+00   0.00000000e+00   0.00000000e+00
    0.00000000e+00   0.00000000e+00   0.00000000e+00   0.00000000e+00
    0.00000000e+00   0.00000000e+00   0.00000000e+00   0.00000000e+00
    0.00000000e+00   0.00000000e+00   0.00000000e+00   0.00000000e+00]
 [  0.00000000e+00   0.00000000e+00   0.00000000e+00   0.00000000e+00
    2.61975235e-05   1.15312634e-09   4.46637254e-10   0.00000000e+00
    3.67683362e-06  -6.78734150e-10   6.13187002e-11   0.00000000e+00
    6.81948320e-22   1.12382404e-23   1.91998264e-26   0.00000000e+00]
 [  0.00000000e+00   0.00000000e+00   0.00000000e+00   0.00000000e+00
    1.15312634e-09   2.58342386e-09   1.74098769e-12   0.00000000e+00
   -2.13064231e-09   5.32738015e-10   2.86317860e-13   0.00000000e+00
   -8.29246608e-24  -1.63419343e-25  -2.52336906e-28   0.00000000e+00]
 [  0.00000000e+00   0.00000000e+00   0.00000000e+00   0.00000000e+00
    4.46637254e-10   1.74098769e-12   8.92470264e-15   0.00000000e+00
    5.97828972e-11   3.08239046e-13   1.22405119e-15   0.00000000e+00
    6.22453637e-27   8.72347820e-29   1.64980443e-31   0.00000000e+00]
 [  0.00000000e+00   0.00000000e+00   0.00000000e+00   0.00000000e+00
    0.00000000e+00   0.00000000e+00   0.00000000e+00   0.00000000e+00
    0.00000000e+00   0.00000000e+00   0.00000000e+00   0.00000000e+00
    0.00000000e+00   0.00000000e+00   0.00000000e+00   0.00000000e+00]
 [  0.00000000e+00   0.00000000e+00   0.00000000e+00   0.00000000e+00
    3.67683362e-06  -2.13064231e-09   5.97828972e-11   0.00000000e+00
    2.86680284e+12   1.43335747e+10   5.85227659e+07   0.00000000e+00
    2.62139025e-05   1.25896259e-07   5.18582454e-10   0.00000000e+00]
 [  0.00000000e+00   0.00000000e+00   0.00000000e+00   0.00000000e+00
   -6.78734150e-10   5.32738015e-10   3.08239046e-13   0.00000000e+00
    1.43335747e+10   9.85111679e+08   8.14522205e+05   0.00000000e+00
   -7.57618690e-08   3.83933959e-09   1.39362741e-12   0.00000000e+00]
 [  0.00000000e+00   0.00000000e+00   0.00000000e+00   0.00000000e+00
    6.13187002e-11   2.86317860e-13   1.22405119e-15   0.00000000e+00
    5.85227659e+07   8.14522205e+05   1.53238672e+03   0.00000000e+00
    3.82409560e-10   4.88685006e-12   9.92954252e-15   0.00000000e+00]
 [  0.00000000e+00   0.00000000e+00   0.00000000e+00   0.00000000e+00
    0.00000000e+00   0.00000000e+00   0.00000000e+00   0.00000000e+00
    0.00000000e+00   0.00000000e+00   0.00000000e+00   0.00000000e+00
    0.00000000e+00   0.00000000e+00   0.00000000e+00   0.00000000e+00]
 [  0.00000000e+00   0.00000000e+00   0.00000000e+00   0.00000000e+00
    6.81948320e-22  -8.29246608e-24   6.22453637e-27   0.00000000e+00
    2.62139025e-05  -7.57618690e-08   3.82409560e-10   0.00000000e+00
    3.47291035e-05   1.79595255e-07   6.94678099e-10   0.00000000e+00]
 [  0.00000000e+00   0.00000000e+00   0.00000000e+00   0.00000000e+00
    1.12382404e-23  -1.63419343e-25   8.72347820e-29   0.00000000e+00
    1.25896259e-07   3.83933959e-09   4.88685006e-12   0.00000000e+00
    1.79595255e-07   8.24016677e-09   8.67476422e-12   0.00000000e+00]
 [  0.00000000e+00   0.00000000e+00   0.00000000e+00   0.00000000e+00
    1.91998264e-26  -2.52336906e-28   1.64980443e-31   0.00000000e+00
    5.18582454e-10   1.39362741e-12   9.92954252e-15   0.00000000e+00
    6.94678099e-10   8.67476422e-12   1.77706026e-14   0.00000000e+00]
 [  0.00000000e+00   0.00000000e+00   0.00000000e+00   0.00000000e+00
    0.00000000e+00   0.00000000e+00   0.00000000e+00   0.00000000e+00
    0.00000000e+00   0.00000000e+00   0.00000000e+00   0.00000000e+00
    0.00000000e+00   0.00000000e+00   0.00000000e+00   0.00000000e+00]]

Residual Variance: 0.133392485652

Inverse Condition #: 9.65567786845e-12

Reason(s) for Halting:
  Parameter convergence



Time taken for multiple-pair fit of 5 pairs from ['m02_n19.nc', 'n19_n17.nc', 'n17_n15.nc', 'n19_n15.nc', 'm02_n15.nc'] 63.4906956833 minutes
