3 pairs in filelist ['m02_n19.nc', 'n19_n15.nc', 'm02_n15.nc']

Input calibration coefficients for sensors ['m02', 'n19', 'n15']
[[  6.21200000e+01   3.73000000e-02   2.00000000e-05  -2.25000000e-01]
 [ -3.34500000e+01   3.92000000e-02   7.80000000e-06   1.08000000e-01]
 [ -1.38200000e+01  -7.31000000e-03   1.90000000e-05   5.35000000e-02]]

Beta values for ODR [  6.21200000e+01   3.73000000e-02   2.00000000e-05  -2.25000000e-01
  -3.34500000e+01   3.92000000e-02   7.80000000e-06   1.08000000e-01
  -1.38200000e+01  -7.31000000e-03   1.90000000e-05   5.35000000e-02]
Opening netCDF file /home/ad6/Data/m02_n19.nc
NetCDF data from m02_n19.nc passed to harmonisation variables.
Opening netCDF file /home/ad6/Data/n19_n15.nc
NetCDF data from n19_n15.nc passed to harmonisation variables.
Opening netCDF file /home/ad6/Data/m02_n15.nc
NetCDF data from m02_n15.nc passed to harmonisation variables.

Index matrix of sensor pair
[[     -1      19 4122272]
 [     19      15 1448135]
 [     -1      15 1821391]]

ifixb array [0, 0, 0, 0, 1, 1, 1, 0, 1, 1, 1, 0] for sensors ['m02', 'n19', 'n15']
Running ODR for multiple pairs

ODR output for sensors ['m02', 'n19', 'n15']
Beta: [  6.21200000e+01   3.73000000e-02   2.00000000e-05  -2.25000000e-01
  -3.34500000e+01   3.92000000e-02   7.80000000e-06   1.08000000e-01
  -1.38200000e+01  -7.31000000e-03   1.90000000e-05   5.35000000e-02]
Beta Std Error: [  0.00000000e+00   0.00000000e+00   0.00000000e+00   0.00000000e+00
   1.68953455e-03   1.67777914e-05   3.11841446e-08   0.00000000e+00
   1.94528727e-03   2.99643567e-05   4.40035826e-08   0.00000000e+00]
Beta Covariance: [[  0.00000000e+00   0.00000000e+00   0.00000000e+00   0.00000000e+00
    0.00000000e+00   0.00000000e+00   0.00000000e+00   0.00000000e+00
    0.00000000e+00   0.00000000e+00   0.00000000e+00   0.00000000e+00]
 [  0.00000000e+00   0.00000000e+00   0.00000000e+00   0.00000000e+00
    0.00000000e+00   0.00000000e+00   0.00000000e+00   0.00000000e+00
    0.00000000e+00   0.00000000e+00   0.00000000e+00   0.00000000e+00]
 [  0.00000000e+00   0.00000000e+00   0.00000000e+00   0.00000000e+00
    0.00000000e+00   0.00000000e+00   0.00000000e+00   0.00000000e+00
    0.00000000e+00   0.00000000e+00   0.00000000e+00   0.00000000e+00]
 [  0.00000000e+00   0.00000000e+00   0.00000000e+00   0.00000000e+00
    0.00000000e+00   0.00000000e+00   0.00000000e+00   0.00000000e+00
    0.00000000e+00   0.00000000e+00   0.00000000e+00   0.00000000e+00]
 [  0.00000000e+00   0.00000000e+00   0.00000000e+00   0.00000000e+00
    2.61975235e-05   1.15312634e-09   4.46637254e-10   0.00000000e+00
    5.98284384e-22   1.11782932e-23   1.77728692e-26   0.00000000e+00]
 [  0.00000000e+00   0.00000000e+00   0.00000000e+00   0.00000000e+00
    1.15312634e-09   2.58342386e-09   1.74098769e-12   0.00000000e+00
   -8.30185771e-24  -1.65485970e-25  -2.54146102e-28   0.00000000e+00]
 [  0.00000000e+00   0.00000000e+00   0.00000000e+00   0.00000000e+00
    4.46637254e-10   1.74098769e-12   8.92470264e-15   0.00000000e+00
    4.81439256e-27   8.45827956e-29   1.39406237e-31   0.00000000e+00]
 [  0.00000000e+00   0.00000000e+00   0.00000000e+00   0.00000000e+00
    0.00000000e+00   0.00000000e+00   0.00000000e+00   0.00000000e+00
    0.00000000e+00   0.00000000e+00   0.00000000e+00   0.00000000e+00]
 [  0.00000000e+00   0.00000000e+00   0.00000000e+00   0.00000000e+00
    5.98284384e-22  -8.30185771e-24   4.81439256e-27   0.00000000e+00
    3.47291035e-05   1.79595255e-07   6.94678099e-10   0.00000000e+00]
 [  0.00000000e+00   0.00000000e+00   0.00000000e+00   0.00000000e+00
    1.11782932e-23  -1.65485970e-25   8.45827956e-29   0.00000000e+00
    1.79595255e-07   8.24016677e-09   8.67476422e-12   0.00000000e+00]
 [  0.00000000e+00   0.00000000e+00   0.00000000e+00   0.00000000e+00
    1.77728692e-26  -2.54146102e-28   1.39406237e-31   0.00000000e+00
    6.94678099e-10   8.67476422e-12   1.77706026e-14   0.00000000e+00]
 [  0.00000000e+00   0.00000000e+00   0.00000000e+00   0.00000000e+00
    0.00000000e+00   0.00000000e+00   0.00000000e+00   0.00000000e+00
    0.00000000e+00   0.00000000e+00   0.00000000e+00   0.00000000e+00]]
Residual Variance: 0.108961711601
Inverse Condition #: 0.00163787356133
Reason(s) for Halting:
  Parameter convergence

Time taken for multiple-pair fit of 3 pairs from ['m02_n19.nc', 'n19_n15.nc', 'm02_n15.nc'] 29.8676040667 minutes
